{
  "RSpec": {
    "coverage": {
      "/Users/elreybelmonti/Desktop/epicodus-lessons/Rails/bon-appetizers-two/spec/models/antipasti_spec.rb": [
        1,
        null,
        1,
        null,
        2,
        2,
        2,
        null
      ],
      "/Users/elreybelmonti/Desktop/epicodus-lessons/Rails/bon-appetizers-two/spec/rails_helper.rb": [
        null,
        1,
        1,
        1,
        null,
        1,
        1,
        null,
        null,
        null,
        null,
        null,
        null,
        null,
        null,
        null,
        null,
        null,
        null,
        null,
        null,
        null,
        null,
        null,
        null,
        null,
        1,
        null,
        1,
        null,
        1,
        null,
        null,
        null,
        null,
        1,
        null,
        null,
        null,
        null,
        null,
        null,
        null,
        null,
        null,
        null,
        null,
        null,
        null,
        null,
        1,
        null,
        null,
        1,
        null,
        null,
        null,
        null,
        1,
        1,
        1,
        1,
        null,
        null
      ],
      "/Users/elreybelmonti/Desktop/epicodus-lessons/Rails/bon-appetizers-two/config/environment.rb": [
        null,
        1,
        null,
        null,
        1
      ],
      "/Users/elreybelmonti/Desktop/epicodus-lessons/Rails/bon-appetizers-two/config/application.rb": [
        1,
        null,
        1,
        null,
        1,
        1,
        1,
        1,
        1,
        1,
        1,
        1,
        null,
        null,
        null,
        null,
        1,
        null,
        1,
        1,
        null,
        null,
        null,
        null,
        null,
        null,
        null,
        null,
        1,
        null,
        null
      ],
      "/Users/elreybelmonti/Desktop/epicodus-lessons/Rails/bon-appetizers-two/config/boot.rb": [
        1,
        null,
        1
      ],
      "/Users/elreybelmonti/Desktop/epicodus-lessons/Rails/bon-appetizers-two/config/environments/test.rb": [
        1,
        null,
        null,
        null,
        null,
        null,
        null,
        1,
        null,
        null,
        null,
        null,
        1,
        null,
        null,
        1,
        1,
        null,
        null,
        null,
        null,
        1,
        1,
        null,
        null,
        1,
        null,
        null,
        1,
        1,
        null,
        null,
        null,
        null,
        1,
        null,
        null,
        1,
        null,
        null,
        null,
        1,
        null
      ],
      "/Users/elreybelmonti/Desktop/epicodus-lessons/Rails/bon-appetizers-two/config/initializers/application_controller_renderer.rb": [
        null,
        null,
        null,
        null,
        null,
        null,
        null,
        null
      ],
      "/Users/elreybelmonti/Desktop/epicodus-lessons/Rails/bon-appetizers-two/config/initializers/assets.rb": [
        null,
        null,
        null,
        1,
        null,
        null,
        null,
        null,
        1,
        null,
        null,
        null,
        null,
        null
      ],
      "/Users/elreybelmonti/Desktop/epicodus-lessons/Rails/bon-appetizers-two/config/initializers/backtrace_silencers.rb": [
        null,
        null,
        null,
        null,
        null,
        null,
        null
      ],
      "/Users/elreybelmonti/Desktop/epicodus-lessons/Rails/bon-appetizers-two/config/initializers/cookies_serializer.rb": [
        null,
        null,
        null,
        null,
        1
      ],
      "/Users/elreybelmonti/Desktop/epicodus-lessons/Rails/bon-appetizers-two/config/initializers/devise.rb": [
        null,
        null,
        1,
        null,
        null,
        null,
        null,
        null,
        null,
        null,
        null,
        null,
        null,
        null,
        1,
        null,
        null,
        null,
        null,
        null,
        null,
        null,
        null,
        null,
        null,
        null,
        1,
        null,
        null,
        null,
        null,
        null,
        null,
        null,
        null,
        null,
        null,
        null,
        null,
        null,
        null,
        null,
        null,
        null,
        null,
        null,
        null,
        null,
        1,
        null,
        null,
        null,
        null,
        1,
        null,
        null,
        null,
        null,
        null,
        null,
        null,
        null,
        null,
        null,
        null,
        null,
        null,
        null,
        null,
        null,
        null,
        null,
        null,
        null,
        null,
        null,
        null,
        null,
        null,
        null,
        null,
        null,
        null,
        null,
        1,
        null,
        null,
        null,
        null,
        null,
        null,
        null,
        null,
        null,
        null,
        null,
        null,
        null,
        null,
        null,
        null,
        null,
        null,
        null,
        null,
        null,
        null,
        1,
        null,
        null,
        null,
        null,
        null,
        null,
        null,
        null,
        null,
        null,
        null,
        null,
        null,
        null,
        null,
        null,
        null,
        null,
        null,
        null,
        null,
        null,
        null,
        null,
        null,
        null,
        null,
        null,
        null,
        null,
        1,
        null,
        null,
        null,
        null,
        null,
        null,
        null,
        null,
        null,
        1,
        null,
        null,
        null,
        null,
        null,
        null,
        null,
        null,
        null,
        null,
        1,
        null,
        null,
        null,
        null,
        1,
        null,
        null,
        null,
        null,
        null,
        null,
        null,
        null,
        null,
        null,
        null,
        null,
        null,
        null,
        null,
        null,
        null,
        null,
        null,
        null,
        null,
        null,
        null,
        null,
        null,
        null,
        null,
        null,
        null,
        null,
        null,
        null,
        null,
        null,
        null,
        null,
        null,
        null,
        null,
        null,
        1,
        null,
        null,
        null,
        null,
        null,
        null,
        null,
        null,
        null,
        null,
        null,
        null,
        null,
        null,
        null,
        null,
        null,
        null,
        null,
        null,
        null,
        null,
        null,
        null,
        null,
        null,
        null,
        null,
        null,
        null,
        null,
        null,
        null,
        null,
        null,
        null,
        null,
        null,
        null,
        null,
        null,
        1,
        null,
        null,
        null,
        null,
        null,
        null,
        null,
        null,
        null,
        null,
        null,
        null,
        null,
        null,
        null,
        null,
        null,
        null,
        null,
        null,
        null,
        null,
        null,
        null,
        null,
        null,
        null,
        null,
        null
      ],
      "/Users/elreybelmonti/Desktop/epicodus-lessons/Rails/bon-appetizers-two/config/initializers/filter_parameter_logging.rb": [
        null,
        null,
        null,
        1
      ],
      "/Users/elreybelmonti/Desktop/epicodus-lessons/Rails/bon-appetizers-two/config/initializers/inflections.rb": [
        null,
        null,
        null,
        null,
        null,
        null,
        null,
        null,
        null,
        null,
        null,
        null,
        null,
        null,
        null,
        null
      ],
      "/Users/elreybelmonti/Desktop/epicodus-lessons/Rails/bon-appetizers-two/config/initializers/mime_types.rb": [
        null,
        null,
        null,
        null
      ],
      "/Users/elreybelmonti/Desktop/epicodus-lessons/Rails/bon-appetizers-two/config/initializers/wrap_parameters.rb": [
        null,
        null,
        null,
        null,
        null,
        null,
        1,
        2,
        null,
        null,
        null,
        null,
        null,
        null
      ],
      "/Users/elreybelmonti/Desktop/epicodus-lessons/Rails/bon-appetizers-two/spec/factories.rb": [
        1,
        null,
        1,
        1,
        1,
        1,
        1,
        1,
        1,
        null,
        null,
        1,
        1,
        1,
        null,
        null,
        1,
        1,
        1,
        1,
        1,
        1,
        1,
        1,
        null,
        null
      ],
      "/Users/elreybelmonti/Desktop/epicodus-lessons/Rails/bon-appetizers-two/config/routes.rb": [
        1,
        null,
        1,
        null,
        1,
        null,
        1,
        1,
        null,
        null,
        1,
        1,
        null,
        null,
        1,
        1,
        null,
        null,
        1,
        1,
        1,
        1,
        1,
        1,
        1,
        1,
        1,
        null
      ],
      "/Users/elreybelmonti/Desktop/epicodus-lessons/Rails/bon-appetizers-two/app/models/user.rb": [
        1,
        null,
        null,
        1,
        null,
        null,
        1,
        null
      ],
      "/Users/elreybelmonti/Desktop/epicodus-lessons/Rails/bon-appetizers-two/app/models/application_record.rb": [
        1,
        1,
        null
      ],
      "/Users/elreybelmonti/Desktop/epicodus-lessons/Rails/bon-appetizers-two/app/helpers/application_helper.rb": [
        1,
        null
      ],
      "/Users/elreybelmonti/Desktop/epicodus-lessons/Rails/bon-appetizers-two/app/models/antipasti.rb": [
        1,
        1,
        null,
        1,
        1,
        null,
        1,
        1,
        null,
        null
      ],
      "/Users/elreybelmonti/Desktop/epicodus-lessons/Rails/bon-appetizers-two/spec/models/dessert_spec.rb": [
        1,
        null,
        1,
        null,
        2,
        2,
        2,
        null
      ],
      "/Users/elreybelmonti/Desktop/epicodus-lessons/Rails/bon-appetizers-two/app/models/dessert.rb": [
        1,
        1,
        null,
        1,
        1,
        null,
        1,
        1,
        null,
        null
      ],
      "/Users/elreybelmonti/Desktop/epicodus-lessons/Rails/bon-appetizers-two/spec/models/event_spec.rb": [
        1,
        null,
        1,
        2,
        2,
        2,
        null,
        2,
        null,
        1,
        1,
        1,
        1,
        1,
        1,
        1,
        1,
        null,
        null,
        null
      ],
      "/Users/elreybelmonti/Desktop/epicodus-lessons/Rails/bon-appetizers-two/app/models/event.rb": [
        1,
        1,
        1,
        1,
        null,
        1,
        null,
        2,
        null,
        1,
        null,
        1,
        5,
        5,
        null,
        null
      ],
      "/Users/elreybelmonti/Desktop/epicodus-lessons/Rails/bon-appetizers-two/spec/models/main_spec.rb": [
        1,
        null,
        1,
        null,
        2,
        2,
        2,
        null
      ],
      "/Users/elreybelmonti/Desktop/epicodus-lessons/Rails/bon-appetizers-two/app/models/main.rb": [
        1,
        1,
        null,
        1,
        1,
        null,
        1,
        1,
        null
      ],
      "/Users/elreybelmonti/Desktop/epicodus-lessons/Rails/bon-appetizers-two/spec/models/menu_spec.rb": [
        1,
        null,
        1,
        2,
        null
      ],
      "/Users/elreybelmonti/Desktop/epicodus-lessons/Rails/bon-appetizers-two/app/models/menu.rb": [
        1,
        1,
        null,
        1,
        1,
        1,
        null,
        null,
        null,
        null,
        null,
        null,
        null,
        null,
        1,
        1,
        null
      ],
      "/Users/elreybelmonti/Desktop/epicodus-lessons/Rails/bon-appetizers-two/spec/models/pasta_spec.rb": [
        1,
        null,
        1,
        null,
        2,
        2,
        2,
        null
      ],
      "/Users/elreybelmonti/Desktop/epicodus-lessons/Rails/bon-appetizers-two/app/models/pasta_dish.rb": [
        1,
        null,
        1,
        null,
        1,
        1,
        null,
        1,
        1,
        null
      ],
      "/Users/elreybelmonti/Desktop/epicodus-lessons/Rails/bon-appetizers-two/spec/models/review_spec.rb": [
        1,
        null,
        1,
        null,
        2,
        2,
        2,
        2,
        2,
        2,
        2,
        null,
        null
      ],
      "/Users/elreybelmonti/Desktop/epicodus-lessons/Rails/bon-appetizers-two/app/models/review.rb": [
        1,
        1,
        null,
        1,
        1,
        1,
        null
      ],
      "/Users/elreybelmonti/Desktop/epicodus-lessons/Rails/bon-appetizers-two/spec/models/user_spec.rb": [
        1,
        null,
        1,
        null,
        2,
        null,
        null
      ],
      "/Users/elreybelmonti/Desktop/epicodus-lessons/Rails/bon-appetizers-two/spec/models/wine_spec.rb": [
        1,
        null,
        1,
        null,
        2,
        2,
        2,
        null
      ],
      "/Users/elreybelmonti/Desktop/epicodus-lessons/Rails/bon-appetizers-two/app/models/wine.rb": [
        1,
        1,
        null,
        1,
        1,
        null,
        1,
        1,
        null
      ]
    },
    "timestamp": 1513710711
  }
}
